15

------------------------------------------------------------
Sender: LSF System <lsfadmin@bc-24-2-09>
Subject: Job 95683: </software/bin/python-2.7 /nfs/users/nfs_m/mc14/Work/bash_scripts//count_functional_annotations.py  15  > Done

Job </software/bin/python-2.7 /nfs/users/nfs_m/mc14/Work/bash_scripts//count_functional_annotations.py  15  > was submitted from host <farm2-head4> by user <mc14> in cluster <farm2>.
Job was executed on host(s) <bc-24-2-09>, in queue <normal>, as user <mc14> in cluster <farm2>.
</nfs/users/nfs_m/mc14> was used as the home directory.
</nfs/users/nfs_m/mc14/lustre110_home/GENOTIPI/COMPARISON/NOT_OVERLAPPING/NOT_OVERLAPPING_LIST/with_genotypes/NO_RSID_VCF/CHR_SPLITTED> was used as the working directory.
Started at Thu Sep 27 15:02:25 2012
Results reported at Thu Sep 27 15:02:38 2012

Your job looked like:

------------------------------------------------------------
# LSBATCH: User input
/software/bin/python-2.7 /nfs/users/nfs_m/mc14/Work/bash_scripts//count_functional_annotations.py  15  
------------------------------------------------------------

Successfully completed.

Resource usage summary:

    CPU time   :     11.29 sec.
    Max Memory :         5 MB
    Max Swap   :        43 MB

    Max Processes  :         1
    Max Threads    :         1

The output (if any) is above this job summary.



PS:

Read file </nfs/users/nfs_m/mc14/Work/bash_scripts/tempouterr/format.15.err> for stderr output of this job.

15

------------------------------------------------------------
Sender: LSF System <lsfadmin@bc-19-4-07>
Subject: Job 2474134: </software/bin/python-2.7 /nfs/users/nfs_m/mc14/Work/bash_scripts//count_functional_annotations.py  15  > Done

Job </software/bin/python-2.7 /nfs/users/nfs_m/mc14/Work/bash_scripts//count_functional_annotations.py  15  > was submitted from host <farm2-head2> by user <mc14> in cluster <farm2>.
Job was executed on host(s) <bc-19-4-07>, in queue <normal>, as user <mc14> in cluster <farm2>.
</nfs/users/nfs_m/mc14> was used as the home directory.
</nfs/users/nfs_m/mc14/lustre110_home/GENOTIPI/COMPARISON/NOT_OVERLAPPING/PUTATIVE_NOVEL/NEW_RUN/former_rsID_filtered/UK10K_FILTERED> was used as the working directory.
Started at Sat Oct 27 12:30:10 2012
Results reported at Sat Oct 27 12:30:17 2012

Your job looked like:

------------------------------------------------------------
# LSBATCH: User input
/software/bin/python-2.7 /nfs/users/nfs_m/mc14/Work/bash_scripts//count_functional_annotations.py  15  
------------------------------------------------------------

Successfully completed.

Resource usage summary:

    CPU time   :      6.90 sec.
    Max Memory :         2 MB
    Max Swap   :        45 MB

    Max Processes  :         1
    Max Threads    :         1

The output (if any) is above this job summary.



PS:

Read file </nfs/users/nfs_m/mc14/Work/bash_scripts/tempouterr/format.15.err> for stderr output of this job.


------------------------------------------------------------
Sender: LSF System <lsfadmin@bc-17-3-11>
Subject: Job 4865892: </software/bin/python-2.7 /nfs/users/nfs_m/mc14/Work/bash_scripts//count_functional_annotations.py  15  > Exited

Job </software/bin/python-2.7 /nfs/users/nfs_m/mc14/Work/bash_scripts//count_functional_annotations.py  15  > was submitted from host <farm2-head4> by user <mc14> in cluster <farm2>.
Job was executed on host(s) <bc-17-3-11>, in queue <normal>, as user <mc14> in cluster <farm2>.
</nfs/users/nfs_m/mc14> was used as the home directory.
</nfs/users/nfs_m/mc14/lustre110_home/GENOTIPI/COMPARISON/NOT_OVERLAPPING/PUTATIVE_NOVEL/NEW_RUN/former_rsID_filtered/UK10K_FILTERED/gte2_indivs> was used as the working directory.
Started at Mon Nov  5 10:13:41 2012
Results reported at Mon Nov  5 10:13:42 2012

Your job looked like:

------------------------------------------------------------
# LSBATCH: User input
/software/bin/python-2.7 /nfs/users/nfs_m/mc14/Work/bash_scripts//count_functional_annotations.py  15  
------------------------------------------------------------

Exited with exit code 1.

Resource usage summary:

    CPU time   :      0.09 sec.
    Max Memory :         2 MB
    Max Swap   :        46 MB

    Max Processes  :         1
    Max Threads    :         1

The output (if any) is above this job summary.



PS:

Read file </nfs/users/nfs_m/mc14/Work/bash_scripts/tempouterr/format.15.err> for stderr output of this job.

15

------------------------------------------------------------
Sender: LSF System <lsfadmin@bc-22-2-03>
Subject: Job 4867995: </software/bin/python-2.7 /nfs/users/nfs_m/mc14/Work/bash_scripts//count_functional_annotations.py  15  > Done

Job </software/bin/python-2.7 /nfs/users/nfs_m/mc14/Work/bash_scripts//count_functional_annotations.py  15  > was submitted from host <farm2-head4> by user <mc14> in cluster <farm2>.
Job was executed on host(s) <bc-22-2-03>, in queue <normal>, as user <mc14> in cluster <farm2>.
</nfs/users/nfs_m/mc14> was used as the home directory.
</nfs/users/nfs_m/mc14/lustre110_home/GENOTIPI/COMPARISON/NOT_OVERLAPPING/PUTATIVE_NOVEL/NEW_RUN/former_rsID_filtered/UK10K_FILTERED/gte2_indivs> was used as the working directory.
Started at Mon Nov  5 11:00:36 2012
Results reported at Mon Nov  5 11:00:38 2012

Your job looked like:

------------------------------------------------------------
# LSBATCH: User input
/software/bin/python-2.7 /nfs/users/nfs_m/mc14/Work/bash_scripts//count_functional_annotations.py  15  
------------------------------------------------------------

Successfully completed.

Resource usage summary:

    CPU time   :      1.53 sec.
    Max Memory :         2 MB
    Max Swap   :        46 MB

    Max Processes  :         1
    Max Threads    :         1

The output (if any) is above this job summary.



PS:

Read file </nfs/users/nfs_m/mc14/Work/bash_scripts/tempouterr/format.15.err> for stderr output of this job.

