21

------------------------------------------------------------
Sender: LSF System <lsfadmin@bc-23-2-02>
Subject: Job 95693: </software/bin/python-2.7 /nfs/users/nfs_m/mc14/Work/bash_scripts//count_functional_annotations.py  21  > Done

Job </software/bin/python-2.7 /nfs/users/nfs_m/mc14/Work/bash_scripts//count_functional_annotations.py  21  > was submitted from host <farm2-head4> by user <mc14> in cluster <farm2>.
Job was executed on host(s) <bc-23-2-02>, in queue <normal>, as user <mc14> in cluster <farm2>.
</nfs/users/nfs_m/mc14> was used as the home directory.
</nfs/users/nfs_m/mc14/lustre110_home/GENOTIPI/COMPARISON/NOT_OVERLAPPING/NOT_OVERLAPPING_LIST/with_genotypes/NO_RSID_VCF/CHR_SPLITTED> was used as the working directory.
Started at Thu Sep 27 15:02:25 2012
Results reported at Thu Sep 27 15:02:31 2012

Your job looked like:

------------------------------------------------------------
# LSBATCH: User input
/software/bin/python-2.7 /nfs/users/nfs_m/mc14/Work/bash_scripts//count_functional_annotations.py  21  
------------------------------------------------------------

Successfully completed.

Resource usage summary:

    CPU time   :      5.02 sec.
    Max Memory :         5 MB
    Max Swap   :        44 MB

    Max Processes  :         1
    Max Threads    :         1

The output (if any) is above this job summary.



PS:

Read file </nfs/users/nfs_m/mc14/Work/bash_scripts/tempouterr/format.21.err> for stderr output of this job.

21

------------------------------------------------------------
Sender: LSF System <lsfadmin@bc-20-1-07>
Subject: Job 2474141: </software/bin/python-2.7 /nfs/users/nfs_m/mc14/Work/bash_scripts//count_functional_annotations.py  21  > Done

Job </software/bin/python-2.7 /nfs/users/nfs_m/mc14/Work/bash_scripts//count_functional_annotations.py  21  > was submitted from host <farm2-head2> by user <mc14> in cluster <farm2>.
Job was executed on host(s) <bc-20-1-07>, in queue <normal>, as user <mc14> in cluster <farm2>.
</nfs/users/nfs_m/mc14> was used as the home directory.
</nfs/users/nfs_m/mc14/lustre110_home/GENOTIPI/COMPARISON/NOT_OVERLAPPING/PUTATIVE_NOVEL/NEW_RUN/former_rsID_filtered/UK10K_FILTERED> was used as the working directory.
Started at Sat Oct 27 12:30:23 2012
Results reported at Sat Oct 27 12:30:26 2012

Your job looked like:

------------------------------------------------------------
# LSBATCH: User input
/software/bin/python-2.7 /nfs/users/nfs_m/mc14/Work/bash_scripts//count_functional_annotations.py  21  
------------------------------------------------------------

Successfully completed.

Resource usage summary:

    CPU time   :      3.05 sec.
    Max Memory :         2 MB
    Max Swap   :        46 MB

    Max Processes  :         1
    Max Threads    :         1

The output (if any) is above this job summary.



PS:

Read file </nfs/users/nfs_m/mc14/Work/bash_scripts/tempouterr/format.21.err> for stderr output of this job.


------------------------------------------------------------
Sender: LSF System <lsfadmin@bc-16-1-07>
Subject: Job 4865898: </software/bin/python-2.7 /nfs/users/nfs_m/mc14/Work/bash_scripts//count_functional_annotations.py  21  > Exited

Job </software/bin/python-2.7 /nfs/users/nfs_m/mc14/Work/bash_scripts//count_functional_annotations.py  21  > was submitted from host <farm2-head4> by user <mc14> in cluster <farm2>.
Job was executed on host(s) <bc-16-1-07>, in queue <normal>, as user <mc14> in cluster <farm2>.
</nfs/users/nfs_m/mc14> was used as the home directory.
</nfs/users/nfs_m/mc14/lustre110_home/GENOTIPI/COMPARISON/NOT_OVERLAPPING/PUTATIVE_NOVEL/NEW_RUN/former_rsID_filtered/UK10K_FILTERED/gte2_indivs> was used as the working directory.
Started at Mon Nov  5 10:13:41 2012
Results reported at Mon Nov  5 10:13:43 2012

Your job looked like:

------------------------------------------------------------
# LSBATCH: User input
/software/bin/python-2.7 /nfs/users/nfs_m/mc14/Work/bash_scripts//count_functional_annotations.py  21  
------------------------------------------------------------

Exited with exit code 1.

Resource usage summary:

    CPU time   :      0.10 sec.
    Max Memory :         2 MB
    Max Swap   :        45 MB

    Max Processes  :         1
    Max Threads    :         1

The output (if any) is above this job summary.



PS:

Read file </nfs/users/nfs_m/mc14/Work/bash_scripts/tempouterr/format.21.err> for stderr output of this job.

21

------------------------------------------------------------
Sender: LSF System <lsfadmin@bc-17-3-07>
Subject: Job 4868002: </software/bin/python-2.7 /nfs/users/nfs_m/mc14/Work/bash_scripts//count_functional_annotations.py  21  > Done

Job </software/bin/python-2.7 /nfs/users/nfs_m/mc14/Work/bash_scripts//count_functional_annotations.py  21  > was submitted from host <farm2-head4> by user <mc14> in cluster <farm2>.
Job was executed on host(s) <bc-17-3-07>, in queue <normal>, as user <mc14> in cluster <farm2>.
</nfs/users/nfs_m/mc14> was used as the home directory.
</nfs/users/nfs_m/mc14/lustre110_home/GENOTIPI/COMPARISON/NOT_OVERLAPPING/PUTATIVE_NOVEL/NEW_RUN/former_rsID_filtered/UK10K_FILTERED/gte2_indivs> was used as the working directory.
Started at Mon Nov  5 11:00:47 2012
Results reported at Mon Nov  5 11:00:49 2012

Your job looked like:

------------------------------------------------------------
# LSBATCH: User input
/software/bin/python-2.7 /nfs/users/nfs_m/mc14/Work/bash_scripts//count_functional_annotations.py  21  
------------------------------------------------------------

Successfully completed.

Resource usage summary:

    CPU time   :      0.61 sec.
    Max Memory :         2 MB
    Max Swap   :        45 MB

    Max Processes  :         1
    Max Threads    :         1

The output (if any) is above this job summary.



PS:

Read file </nfs/users/nfs_m/mc14/Work/bash_scripts/tempouterr/format.21.err> for stderr output of this job.

